2025-07-26 15:11:41,715 - INFO - 正在读取Excel文件: /Users/ances/Library/Application Support/SyncClipboard/file/20250726/综合计算 -排名 - 副本(1).xlsx
2025-07-26 15:11:41,792 - ERROR - 处理Excel文件时发生错误: 未找到地址列 '18'
2025-07-26 15:11:41,792 - ERROR - 程序运行时发生错误: 未找到地址列 '18'
2025-07-26 15:14:47,898 - INFO - 正在读取Excel文件: /Users/ances/Library/Application Support/SyncClipboard/file/20250726/mm.xlsx
2025-07-26 15:14:47,958 - INFO - 正在初始化浏览器驱动...
2025-07-26 15:14:47,959 - INFO - ====== WebDriver manager ======
2025-07-26 15:14:52,069 - INFO - Get LATEST chromedriver version for google-chrome
2025-07-26 15:14:54,258 - INFO - Get LATEST chromedriver version for google-chrome
2025-07-26 15:14:54,639 - INFO - There is no [mac64] chromedriver "138.0.7204.168" for browser google-chrome "138.0.7204" in cache
2025-07-26 15:14:54,652 - INFO - Get LATEST chromedriver version for google-chrome
2025-07-26 15:14:56,240 - INFO - WebDriver version 138.0.7204.168 selected
2025-07-26 15:14:56,243 - INFO - Modern chrome version https://storage.googleapis.com/chrome-for-testing-public/138.0.7204.168/mac-arm64/chromedriver-mac-arm64.zip
2025-07-26 15:14:56,244 - INFO - About to download new driver from https://storage.googleapis.com/chrome-for-testing-public/138.0.7204.168/mac-arm64/chromedriver-mac-arm64.zip
2025-07-26 15:14:56,757 - INFO - Driver downloading response is 200
2025-07-26 15:15:05,067 - INFO - Get LATEST chromedriver version for google-chrome
2025-07-26 15:15:07,820 - INFO - Driver has been saved in cache [/Users/ances/.wdm/drivers/chromedriver/mac64/138.0.7204.168]
2025-07-26 15:15:09,553 - INFO - 浏览器驱动初始化完成
2025-07-26 15:15:09,553 - INFO - 正在访问网站: http://dey.11185.cn/web/#/idtoolkitAddress
2025-07-26 15:15:18,409 - INFO - 网站加载完成
2025-07-26 15:15:18,427 - INFO - 共需要查询 101 个地址
2025-07-26 15:15:18,430 - INFO - 正在处理第 1 行: 内蒙古自治区包头市东河区包头市东河区巴彦塔拉大街凯旋花园7号楼三单元601
2025-07-26 15:15:18,430 - INFO - 正在查询地址: 内蒙古自治区包头市东河区包头市东河区巴彦塔拉大街凯旋花园7号楼三单元601
2025-07-26 15:15:18,445 - INFO - 找到输入框，使用选择器: input[placeholder*='地址']
2025-07-26 15:15:20,540 - INFO - 点击查询按钮，使用选择器: button
2025-07-26 15:15:26,403 - INFO - 查询成功，找到邮政编码: ['100000', '989998', '646464', '600120', '757575']
2025-07-26 15:15:26,405 - INFO - 已更新邮政编码: 100000; 989998; 646464; 600120; 757575
2025-07-26 15:15:28,410 - INFO - 正在处理第 2 行: 山东省潍坊市诸城市密州街道密州东路10号魅力城一号楼一单元1201
2025-07-26 15:15:28,410 - INFO - 正在查询地址: 山东省潍坊市诸城市密州街道密州东路10号魅力城一号楼一单元1201
2025-07-26 15:15:28,420 - INFO - 找到输入框，使用选择器: input[placeholder*='地址']
2025-07-26 15:15:30,129 - INFO - 点击查询按钮，使用选择器: button
2025-07-26 15:15:35,954 - INFO - 查询成功，找到邮政编码: ['100000', '989998', '646464', '600120', '757575']
2025-07-26 15:15:35,955 - INFO - 已更新邮政编码: 100000; 989998; 646464; 600120; 757575
2025-07-26 15:15:37,963 - INFO - 正在处理第 3 行: 黑龙江省哈尔滨市南岗区冬奥村三期B栋四单元1302
2025-07-26 15:15:37,963 - INFO - 正在查询地址: 黑龙江省哈尔滨市南岗区冬奥村三期B栋四单元1302
2025-07-26 15:15:37,972 - INFO - 找到输入框，使用选择器: input[placeholder*='地址']
2025-07-26 15:15:39,608 - INFO - 点击查询按钮，使用选择器: button
2025-07-26 15:15:45,436 - INFO - 查询成功，找到邮政编码: ['100000', '989998', '646464', '600120', '757575']
2025-07-26 15:15:45,437 - INFO - 已更新邮政编码: 100000; 989998; 646464; 600120; 757575
2025-07-26 15:15:47,441 - INFO - 正在处理第 4 行: 辽宁省抚顺市顺城区辽宁省抚顺市顺城区临江路半岛假日小区9号楼1单元201
2025-07-26 15:15:47,442 - INFO - 正在查询地址: 辽宁省抚顺市顺城区辽宁省抚顺市顺城区临江路半岛假日小区9号楼1单元201
2025-07-26 15:15:47,450 - INFO - 找到输入框，使用选择器: input[placeholder*='地址']
2025-07-26 15:15:49,103 - INFO - 点击查询按钮，使用选择器: button
2025-07-26 15:15:54,931 - INFO - 查询成功，找到邮政编码: ['100000', '989998', '646464', '600120', '757575']
2025-07-26 15:15:54,931 - INFO - 已更新邮政编码: 100000; 989998; 646464; 600120; 757575
2025-07-26 15:15:56,937 - INFO - 正在处理第 5 行: 河北省衡水市景县留府乡马路古庄村
2025-07-26 15:15:56,937 - INFO - 正在查询地址: 河北省衡水市景县留府乡马路古庄村
2025-07-26 15:15:56,946 - INFO - 找到输入框，使用选择器: input[placeholder*='地址']
2025-07-26 15:15:58,588 - INFO - 点击查询按钮，使用选择器: button
2025-07-26 15:16:04,393 - INFO - 查询成功，找到邮政编码: ['100000', '989998', '646464', '600120', '757575']
2025-07-26 15:16:04,393 - INFO - 已更新邮政编码: 100000; 989998; 646464; 600120; 757575
2025-07-26 15:16:06,399 - INFO - 正在处理第 6 行: 北京市海淀区北京航空航天大学大运村学生公寓
2025-07-26 15:16:06,400 - INFO - 正在查询地址: 北京市海淀区北京航空航天大学大运村学生公寓
2025-07-26 15:16:06,409 - INFO - 找到输入框，使用选择器: input[placeholder*='地址']
2025-07-26 15:16:08,054 - INFO - 点击查询按钮，使用选择器: button
2025-07-26 15:16:13,912 - INFO - 查询成功，找到邮政编码: ['100000', '989998', '646464', '600120', '757575']
2025-07-26 15:16:13,912 - INFO - 已更新邮政编码: 100000; 989998; 646464; 600120; 757575
2025-07-26 15:16:15,919 - INFO - 正在处理第 7 行: 山西省晋中市祁县山西省晋中市祁县西六支乡王村农村淘宝
2025-07-26 15:16:15,920 - INFO - 正在查询地址: 山西省晋中市祁县山西省晋中市祁县西六支乡王村农村淘宝
2025-07-26 15:16:15,933 - INFO - 找到输入框，使用选择器: input[placeholder*='地址']
2025-07-26 15:16:16,921 - WARNING - Retrying (Retry(total=2, connect=None, read=None, redirect=None, status=None)) after connection broken by 'ConnectionResetError(54, 'Connection reset by peer')': /session/c1f5afa3de9218565fc3461959604126
2025-07-26 15:16:16,924 - WARNING - Retrying (Retry(total=1, connect=None, read=None, redirect=None, status=None)) after connection broken by 'NewConnectionError('<urllib3.connection.HTTPConnection object at 0x11b8c7b10>: Failed to establish a new connection: [Errno 61] Connection refused')': /session/c1f5afa3de9218565fc3461959604126
2025-07-26 15:16:16,926 - WARNING - Retrying (Retry(total=0, connect=None, read=None, redirect=None, status=None)) after connection broken by 'NewConnectionError('<urllib3.connection.HTTPConnection object at 0x11b8c7890>: Failed to establish a new connection: [Errno 61] Connection refused')': /session/c1f5afa3de9218565fc3461959604126
2025-07-26 15:16:16,929 - INFO - 浏览器驱动已关闭
2025-07-26 15:18:54,857 - INFO - 正在读取Excel文件: /Users/ances/Library/Application Support/SyncClipboard/file/20250726/mm.xlsx
2025-07-26 15:18:54,911 - INFO - 正在初始化浏览器驱动...
2025-07-26 15:18:54,911 - INFO - ====== WebDriver manager ======
2025-07-26 15:18:55,116 - INFO - Get LATEST chromedriver version for google-chrome
2025-07-26 15:18:55,628 - INFO - Get LATEST chromedriver version for google-chrome
2025-07-26 15:18:57,517 - INFO - Driver [/Users/ances/.wdm/drivers/chromedriver/mac64/138.0.7204.168/chromedriver-mac-arm64/chromedriver] found in cache
2025-07-26 15:18:59,018 - INFO - 浏览器驱动初始化完成
2025-07-26 15:18:59,018 - INFO - 正在访问网站: http://dey.11185.cn/web/#/idtoolkitAddress
2025-07-26 15:19:07,793 - ERROR - 访问网站失败: Message: no such window: target window already closed
from unknown error: web view not found
  (Session info: chrome=138.0.7204.169)
Stacktrace:
0   chromedriver                        0x000000010506b570 cxxbridge1$str$ptr + 2731064
1   chromedriver                        0x0000000105063468 cxxbridge1$str$ptr + 2698032
2   chromedriver                        0x0000000104bb23f8 cxxbridge1$string$len + 90664
3   chromedriver                        0x0000000104b8c140 chromedriver + 131392
4   chromedriver                        0x0000000104c217f0 cxxbridge1$string$len + 546336
5   chromedriver                        0x0000000104c3a638 cxxbridge1$string$len + 648296
6   chromedriver                        0x0000000104beda0c cxxbridge1$string$len + 333884
7   chromedriver                        0x000000010502e5f4 cxxbridge1$str$ptr + 2481340
8   chromedriver                        0x000000010503185c cxxbridge1$str$ptr + 2494244
9   chromedriver                        0x000000010500f248 cxxbridge1$str$ptr + 2353424
10  chromedriver                        0x0000000105032118 cxxbridge1$str$ptr + 2496480
11  chromedriver                        0x00000001050002f8 cxxbridge1$str$ptr + 2292160
12  chromedriver                        0x000000010505200c cxxbridge1$str$ptr + 2627284
13  chromedriver                        0x0000000105052198 cxxbridge1$str$ptr + 2627680
14  chromedriver                        0x00000001050630a4 cxxbridge1$str$ptr + 2697068
15  libsystem_pthread.dylib             0x000000019981bfa8 _pthread_start + 148
16  libsystem_pthread.dylib             0x0000000199816da0 thread_start + 8

2025-07-26 15:19:07,794 - ERROR - 处理Excel文件时发生错误: 无法访问查询网站
2025-07-26 15:19:07,889 - INFO - 浏览器驱动已关闭
2025-07-26 15:19:07,889 - ERROR - 程序运行时发生错误: 无法访问查询网站
2025-07-26 15:21:35,921 - INFO - 正在读取Excel文件: /Users/ances/Library/Application Support/SyncClipboard/file/20250726/mm.xlsx
2025-07-26 15:21:35,977 - INFO - 正在初始化浏览器驱动...
2025-07-26 15:21:35,977 - INFO - ====== WebDriver manager ======
2025-07-26 15:21:36,199 - INFO - Get LATEST chromedriver version for google-chrome
2025-07-26 15:21:36,751 - INFO - Get LATEST chromedriver version for google-chrome
2025-07-26 15:21:37,402 - INFO - Driver [/Users/ances/.wdm/drivers/chromedriver/mac64/138.0.7204.168/chromedriver-mac-arm64/chromedriver] found in cache
2025-07-26 15:21:38,972 - INFO - 浏览器驱动初始化完成
2025-07-26 15:21:38,972 - INFO - 正在访问网站: https://www.youbianku.com/
2025-07-26 15:21:51,756 - INFO - 网站加载完成
2025-07-26 15:21:51,762 - INFO - 共需要查询 101 个地址
2025-07-26 15:21:51,763 - INFO - 正在处理第 1 行: 内蒙古自治区包头市东河区包头市东河区巴彦塔拉大街凯旋花园7号楼三单元601
2025-07-26 15:21:51,763 - INFO - 正在查询地址: 内蒙古自治区包头市东河区包头市东河区巴彦塔拉大街凯旋花园7号楼三单元601
2025-07-26 15:21:51,772 - INFO - 找到输入框，使用选择器: input[placeholder*='地址']
2025-07-26 15:21:53,530 - INFO - 未找到查询按钮，尝试按回车键
2025-07-26 15:21:59,098 - INFO - 查询成功，找到邮政编码: ['110011', '430048', '110277', '110269', '110257']
2025-07-26 15:21:59,105 - INFO - 已更新邮政编码: 110011; 430048; 110277; 110269; 110257
2025-07-26 15:22:01,111 - INFO - 正在处理第 2 行: 山东省潍坊市诸城市密州街道密州东路10号魅力城一号楼一单元1201
2025-07-26 15:22:01,111 - INFO - 正在查询地址: 山东省潍坊市诸城市密州街道密州东路10号魅力城一号楼一单元1201
2025-07-26 15:22:01,120 - INFO - 找到输入框，使用选择器: input[placeholder*='地址']
2025-07-26 15:22:02,755 - INFO - 未找到查询按钮，尝试按回车键
2025-07-26 15:22:09,488 - INFO - 查询成功，找到邮政编码: ['262299']
2025-07-26 15:22:09,489 - INFO - 已更新邮政编码: 262299
2025-07-26 15:22:11,496 - INFO - 正在处理第 3 行: 黑龙江省哈尔滨市南岗区冬奥村三期B栋四单元1302
2025-07-26 15:22:11,496 - INFO - 正在查询地址: 黑龙江省哈尔滨市南岗区冬奥村三期B栋四单元1302
2025-07-26 15:22:11,505 - INFO - 找到输入框，使用选择器: input[placeholder*='地址']
2025-07-26 15:22:13,127 - INFO - 未找到查询按钮，尝试按回车键
2025-07-26 15:22:18,598 - INFO - 查询成功，找到邮政编码: ['150090']
2025-07-26 15:22:18,600 - INFO - 已更新邮政编码: 150090
2025-07-26 15:22:20,608 - INFO - 正在处理第 4 行: 辽宁省抚顺市顺城区辽宁省抚顺市顺城区临江路半岛假日小区9号楼1单元201
2025-07-26 15:22:20,608 - INFO - 正在查询地址: 辽宁省抚顺市顺城区辽宁省抚顺市顺城区临江路半岛假日小区9号楼1单元201
2025-07-26 15:22:20,616 - INFO - 找到输入框，使用选择器: input[placeholder*='地址']
2025-07-26 15:22:22,250 - INFO - 未找到查询按钮，尝试按回车键
2025-07-26 15:22:27,740 - INFO - 查询成功，找到邮政编码: ['113006']
2025-07-26 15:22:27,741 - INFO - 已更新邮政编码: 113006
2025-07-26 15:22:29,748 - INFO - 正在处理第 5 行: 河北省衡水市景县留府乡马路古庄村
2025-07-26 15:22:29,750 - INFO - 正在查询地址: 河北省衡水市景县留府乡马路古庄村
2025-07-26 15:22:29,758 - INFO - 找到输入框，使用选择器: input[placeholder*='地址']
2025-07-26 15:22:31,370 - INFO - 未找到查询按钮，尝试按回车键
2025-07-26 15:22:36,940 - INFO - 查询成功，找到邮政编码: ['430048', '110277', '110269', '110257', '110009']
2025-07-26 15:22:36,941 - INFO - 已更新邮政编码: 430048; 110277; 110269; 110257; 110009
2025-07-26 15:22:38,945 - INFO - 正在处理第 6 行: 北京市海淀区北京航空航天大学大运村学生公寓
2025-07-26 15:22:38,945 - INFO - 正在查询地址: 北京市海淀区北京航空航天大学大运村学生公寓
2025-07-26 15:22:38,951 - INFO - 找到输入框，使用选择器: input[placeholder*='地址']
2025-07-26 15:22:40,561 - INFO - 未找到查询按钮，尝试按回车键
2025-07-26 15:22:46,034 - INFO - 查询成功，找到邮政编码: ['100088']
2025-07-26 15:22:46,036 - INFO - 已更新邮政编码: 100088
2025-07-26 15:22:48,042 - INFO - 正在处理第 7 行: 山西省晋中市祁县山西省晋中市祁县西六支乡王村农村淘宝
2025-07-26 15:22:48,043 - INFO - 正在查询地址: 山西省晋中市祁县山西省晋中市祁县西六支乡王村农村淘宝
2025-07-26 15:22:48,050 - INFO - 找到输入框，使用选择器: input[placeholder*='地址']
2025-07-26 15:22:49,673 - INFO - 未找到查询按钮，尝试按回车键
2025-07-26 15:22:55,223 - INFO - 查询成功，找到邮政编码: ['430048', '110277', '110269', '110257', '110009']
2025-07-26 15:22:55,225 - INFO - 已更新邮政编码: 430048; 110277; 110269; 110257; 110009
2025-07-26 15:22:57,239 - INFO - 正在处理第 8 行: 上海市浦东新区康桥镇川周公路2828弄29号301室
2025-07-26 15:22:57,239 - INFO - 正在查询地址: 上海市浦东新区康桥镇川周公路2828弄29号301室
2025-07-26 15:22:57,248 - INFO - 找到输入框，使用选择器: input[placeholder*='地址']
2025-07-26 15:22:58,876 - INFO - 未找到查询按钮，尝试按回车键
2025-07-26 15:23:04,371 - INFO - 查询成功，找到邮政编码: ['430048', '258429', '110277', '110269', '110257']
2025-07-26 15:23:04,372 - INFO - 已更新邮政编码: 430048; 258429; 110277; 110269; 110257
2025-07-26 15:23:06,377 - INFO - 正在处理第 9 行: 广东省广州市白云区白云大道北1628号永泰山庄B栋2002
2025-07-26 15:23:06,377 - INFO - 正在查询地址: 广东省广州市白云区白云大道北1628号永泰山庄B栋2002
2025-07-26 15:23:06,384 - INFO - 找到输入框，使用选择器: input[placeholder*='地址']
2025-07-26 15:23:08,005 - INFO - 未找到查询按钮，尝试按回车键
2025-07-26 15:23:13,722 - INFO - 查询成功，找到邮政编码: ['510440']
2025-07-26 15:23:13,726 - INFO - 已更新邮政编码: 510440
2025-07-26 15:23:15,734 - INFO - 正在处理第 10 行: 天津市滨海新区天津中新生态城鲲贝园18栋303
2025-07-26 15:23:15,735 - INFO - 正在查询地址: 天津市滨海新区天津中新生态城鲲贝园18栋303
2025-07-26 15:23:15,747 - INFO - 找到输入框，使用选择器: input[placeholder*='地址']
2025-07-26 15:23:17,393 - INFO - 未找到查询按钮，尝试按回车键
2025-07-26 15:23:22,869 - INFO - 查询成功，找到邮政编码: ['300480']
2025-07-26 15:23:22,871 - INFO - 已更新邮政编码: 300480
2025-07-26 15:23:24,875 - INFO - 正在处理第 11 行: 河南省驻马店市平舆县河南省驻马店市平舆县第二高级中学
2025-07-26 15:23:24,875 - INFO - 正在查询地址: 河南省驻马店市平舆县河南省驻马店市平舆县第二高级中学
2025-07-26 15:23:24,881 - INFO - 找到输入框，使用选择器: input[placeholder*='地址']
2025-07-26 15:23:26,502 - INFO - 未找到查询按钮，尝试按回车键
2025-07-26 15:23:31,974 - INFO - 查询成功，找到邮政编码: ['463499']
2025-07-26 15:23:31,977 - INFO - 已更新邮政编码: 463499
2025-07-26 15:23:33,985 - INFO - 正在处理第 12 行: 北京市海淀区上地街道农大南路博雅西园15-3-301
2025-07-26 15:23:33,985 - INFO - 正在查询地址: 北京市海淀区上地街道农大南路博雅西园15-3-301
2025-07-26 15:23:33,993 - INFO - 找到输入框，使用选择器: input[placeholder*='地址']
2025-07-26 15:23:35,718 - INFO - 未找到查询按钮，尝试按回车键
2025-07-26 15:23:41,199 - INFO - 查询成功，找到邮政编码: ['100193']
2025-07-26 15:23:41,200 - INFO - 已更新邮政编码: 100193
2025-07-26 15:23:43,205 - INFO - 正在处理第 13 行: 河南省南阳市淅川县河南省南阳市淅川县祥瑞首府6号楼1901
2025-07-26 15:23:43,205 - INFO - 正在查询地址: 河南省南阳市淅川县河南省南阳市淅川县祥瑞首府6号楼1901
2025-07-26 15:23:43,212 - INFO - 找到输入框，使用选择器: input[placeholder*='地址']
2025-07-26 15:23:44,842 - INFO - 未找到查询按钮，尝试按回车键
2025-07-26 15:23:50,326 - INFO - 查询成功，找到邮政编码: ['474450']
2025-07-26 15:23:50,328 - INFO - 已更新邮政编码: 474450
2025-07-26 15:23:52,335 - INFO - 正在处理第 14 行: 广东省深圳市市辖区龙华区新区大道远景家园一栋三单元610
2025-07-26 15:23:52,336 - INFO - 正在查询地址: 广东省深圳市市辖区龙华区新区大道远景家园一栋三单元610
2025-07-26 15:23:52,344 - INFO - 找到输入框，使用选择器: input[placeholder*='地址']
2025-07-26 15:23:53,970 - INFO - 未找到查询按钮，尝试按回车键
2025-07-26 15:24:00,494 - INFO - 查询成功，找到邮政编码: ['518131']
2025-07-26 15:24:00,495 - INFO - 已更新邮政编码: 518131
2025-07-26 15:24:02,501 - INFO - 正在处理第 15 行: 四川省成都市彭州市四川省成都市彭州市天彭镇蓥华西路68号丽景小区1栋
2025-07-26 15:24:02,501 - INFO - 正在查询地址: 四川省成都市彭州市四川省成都市彭州市天彭镇蓥华西路68号丽景小区1栋
2025-07-26 15:24:02,508 - INFO - 找到输入框，使用选择器: input[placeholder*='地址']
2025-07-26 15:24:04,154 - INFO - 未找到查询按钮，尝试按回车键
2025-07-26 15:24:09,622 - INFO - 查询成功，找到邮政编码: ['611930']
2025-07-26 15:24:09,623 - INFO - 已更新邮政编码: 611930
2025-07-26 15:24:11,626 - INFO - 正在处理第 16 行: 北京市海淀区永定路85号院405楼4单元10号
2025-07-26 15:24:11,626 - INFO - 正在查询地址: 北京市海淀区永定路85号院405楼4单元10号
2025-07-26 15:24:11,634 - INFO - 找到输入框，使用选择器: input[placeholder*='地址']
2025-07-26 15:24:13,257 - INFO - 未找到查询按钮，尝试按回车键
2025-07-26 15:24:18,713 - INFO - 查询成功，找到邮政编码: ['100039']
2025-07-26 15:24:18,714 - INFO - 已更新邮政编码: 100039
2025-07-26 15:24:20,722 - INFO - 正在处理第 17 行: 北京市海淀区学院路37号北京航空航天大学新北区学生公寓
2025-07-26 15:24:20,723 - INFO - 正在查询地址: 北京市海淀区学院路37号北京航空航天大学新北区学生公寓
2025-07-26 15:24:20,732 - INFO - 找到输入框，使用选择器: input[placeholder*='地址']
2025-07-26 15:24:22,364 - INFO - 未找到查询按钮，尝试按回车键
2025-07-26 15:24:27,837 - INFO - 查询成功，找到邮政编码: ['100083']
2025-07-26 15:24:27,838 - INFO - 已更新邮政编码: 100083
2025-07-26 15:24:29,844 - INFO - 正在处理第 18 行: 北京市海淀区花园路街道北京航空航天大学大运村学生公寓
2025-07-26 15:24:29,844 - INFO - 正在查询地址: 北京市海淀区花园路街道北京航空航天大学大运村学生公寓
2025-07-26 15:24:29,854 - INFO - 找到输入框，使用选择器: input[placeholder*='地址']
2025-07-26 15:24:31,476 - INFO - 未找到查询按钮，尝试按回车键
2025-07-26 15:24:36,953 - INFO - 查询成功，找到邮政编码: ['100088']
2025-07-26 15:24:36,954 - INFO - 已更新邮政编码: 100088
2025-07-26 15:24:38,967 - INFO - 正在处理第 19 行: 辽宁省阜新市彰武县吉岗子村六组
2025-07-26 15:24:38,967 - INFO - 正在查询地址: 辽宁省阜新市彰武县吉岗子村六组
2025-07-26 15:24:38,976 - INFO - 找到输入框，使用选择器: input[placeholder*='地址']
2025-07-26 15:24:40,608 - INFO - 未找到查询按钮，尝试按回车键
2025-07-26 15:24:46,084 - INFO - 查询成功，找到邮政编码: ['123299']
2025-07-26 15:24:46,085 - INFO - 已更新邮政编码: 123299
2025-07-26 15:24:48,087 - INFO - 正在处理第 20 行: 四川省南充市顺庆区玉桂路
2025-07-26 15:24:48,088 - INFO - 正在查询地址: 四川省南充市顺庆区玉桂路
2025-07-26 15:24:48,092 - INFO - 找到输入框，使用选择器: input[placeholder*='地址']
2025-07-26 15:24:49,698 - INFO - 未找到查询按钮，尝试按回车键
2025-07-26 15:24:56,010 - INFO - 查询成功，找到邮政编码: ['637003']
2025-07-26 15:24:56,010 - INFO - 已更新邮政编码: 637003
2025-07-26 15:24:58,015 - INFO - 正在处理第 21 行: 北京市海淀区学院路37号 北京航空航天大学 学院路校区
2025-07-26 15:24:58,015 - INFO - 正在查询地址: 北京市海淀区学院路37号 北京航空航天大学 学院路校区
2025-07-26 15:24:58,020 - INFO - 找到输入框，使用选择器: input[placeholder*='地址']
2025-07-26 15:24:59,620 - INFO - 未找到查询按钮，尝试按回车键
2025-07-26 15:25:05,065 - INFO - 查询成功，找到邮政编码: ['100083']
2025-07-26 15:25:05,066 - INFO - 已更新邮政编码: 100083
2025-07-26 15:25:07,068 - INFO - 正在处理第 22 行: 云南省玉溪市江川县前卫镇杨家咀村240号
2025-07-26 15:25:07,069 - INFO - 正在查询地址: 云南省玉溪市江川县前卫镇杨家咀村240号
2025-07-26 15:25:07,077 - INFO - 找到输入框，使用选择器: input[placeholder*='地址']
2025-07-26 15:25:08,693 - INFO - 未找到查询按钮，尝试按回车键
2025-07-26 15:25:14,127 - INFO - 查询成功，找到邮政编码: ['652602']
2025-07-26 15:25:14,128 - INFO - 已更新邮政编码: 652602
2025-07-26 15:25:16,135 - INFO - 正在处理第 23 行: 新疆维吾尔自治区乌鲁木齐市新市区新疆维吾尔自治区乌鲁木齐市北京路科学二街45号楼2108
2025-07-26 15:25:16,136 - INFO - 正在查询地址: 新疆维吾尔自治区乌鲁木齐市新市区新疆维吾尔自治区乌鲁木齐市北京路科学二街45号楼2108
2025-07-26 15:25:16,147 - INFO - 找到输入框，使用选择器: input[placeholder*='地址']
2025-07-26 15:25:17,789 - INFO - 未找到查询按钮，尝试按回车键
2025-07-26 15:25:23,253 - INFO - 查询成功，找到邮政编码: ['830011']
2025-07-26 15:25:23,253 - INFO - 已更新邮政编码: 830011
2025-07-26 15:25:25,257 - INFO - 正在处理第 24 行: 河北省廊坊市安次区河北省廊坊市康城瑞河兰乔小区
2025-07-26 15:25:25,257 - INFO - 正在查询地址: 河北省廊坊市安次区河北省廊坊市康城瑞河兰乔小区
2025-07-26 15:25:25,267 - INFO - 找到输入框，使用选择器: input[placeholder*='地址']
2025-07-26 15:25:26,891 - INFO - 未找到查询按钮，尝试按回车键
2025-07-26 15:25:32,342 - INFO - 查询成功，找到邮政编码: ['430048', '110277', '110269', '110257', '110009']
2025-07-26 15:25:32,343 - INFO - 已更新邮政编码: 430048; 110277; 110269; 110257; 110009
2025-07-26 15:25:34,348 - INFO - 正在处理第 25 行: 河南省郑州市二七区工人路401号
2025-07-26 15:25:34,349 - INFO - 正在查询地址: 河南省郑州市二七区工人路401号
2025-07-26 15:25:34,357 - INFO - 找到输入框，使用选择器: input[placeholder*='地址']
2025-07-26 15:25:35,976 - INFO - 未找到查询按钮，尝试按回车键
2025-07-26 15:25:41,449 - INFO - 查询成功，找到邮政编码: ['450015']
2025-07-26 15:25:41,451 - INFO - 已更新邮政编码: 450015
2025-07-26 15:25:43,457 - INFO - 正在处理第 26 行: 北京市海淀区大运村公寓5号楼
2025-07-26 15:25:43,457 - INFO - 正在查询地址: 北京市海淀区大运村公寓5号楼
2025-07-26 15:25:43,464 - INFO - 找到输入框，使用选择器: input[placeholder*='地址']
2025-07-26 15:25:45,082 - INFO - 未找到查询按钮，尝试按回车键
2025-07-26 15:25:50,537 - INFO - 查询成功，找到邮政编码: ['100083']
2025-07-26 15:25:50,537 - INFO - 已更新邮政编码: 100083
2025-07-26 15:25:52,540 - INFO - 正在处理第 27 行: 辽宁省本溪市明山区文化路15栋3单元10号
2025-07-26 15:25:52,540 - INFO - 正在查询地址: 辽宁省本溪市明山区文化路15栋3单元10号
2025-07-26 15:25:52,550 - INFO - 找到输入框，使用选择器: input[placeholder*='地址']
2025-07-26 15:25:54,171 - INFO - 未找到查询按钮，尝试按回车键
2025-07-26 15:25:59,618 - INFO - 查询成功，找到邮政编码: ['117022']
2025-07-26 15:25:59,619 - INFO - 已更新邮政编码: 117022
2025-07-26 15:26:01,625 - INFO - 正在处理第 28 行: 山西省太原市尖草坪区兴华北街农科所宿舍院一号楼二单元602
2025-07-26 15:26:01,625 - INFO - 正在查询地址: 山西省太原市尖草坪区兴华北街农科所宿舍院一号楼二单元602
2025-07-26 15:26:01,634 - INFO - 找到输入框，使用选择器: input[placeholder*='地址']
2025-07-26 15:26:03,268 - INFO - 未找到查询按钮，尝试按回车键
2025-07-26 15:26:08,753 - INFO - 查询成功，找到邮政编码: ['430048', '110277', '110269', '110257', '110009']
2025-07-26 15:26:08,754 - INFO - 已更新邮政编码: 430048; 110277; 110269; 110257; 110009
2025-07-26 15:26:10,758 - INFO - 正在处理第 29 行: 广东省深圳市龙岗区坂田街道呈祥花园二期2A栋3005
2025-07-26 15:26:10,758 - INFO - 正在查询地址: 广东省深圳市龙岗区坂田街道呈祥花园二期2A栋3005
2025-07-26 15:26:10,769 - INFO - 找到输入框，使用选择器: input[placeholder*='地址']
2025-07-26 15:26:12,391 - INFO - 未找到查询按钮，尝试按回车键
2025-07-26 15:26:17,849 - INFO - 查询成功，找到邮政编码: ['518129']
2025-07-26 15:26:17,851 - INFO - 已更新邮政编码: 518129
2025-07-26 15:26:19,858 - INFO - 正在处理第 30 行: 陕西省西安市长安区文苑北路五桥新苑小区1-1501
2025-07-26 15:26:19,858 - INFO - 正在查询地址: 陕西省西安市长安区文苑北路五桥新苑小区1-1501
2025-07-26 15:26:19,868 - INFO - 找到输入框，使用选择器: input[placeholder*='地址']
2025-07-26 15:26:21,531 - INFO - 未找到查询按钮，尝试按回车键
2025-07-26 15:26:27,031 - INFO - 查询成功，找到邮政编码: ['710119']
2025-07-26 15:26:27,033 - INFO - 已更新邮政编码: 710119
2025-07-26 15:26:29,039 - INFO - 正在处理第 31 行: 河南省焦作市解放区小王庄花园
2025-07-26 15:26:29,039 - INFO - 正在查询地址: 河南省焦作市解放区小王庄花园
2025-07-26 15:26:29,046 - INFO - 找到输入框，使用选择器: input[placeholder*='地址']
2025-07-26 15:26:30,658 - INFO - 未找到查询按钮，尝试按回车键
2025-07-26 15:26:36,954 - INFO - 查询成功，找到邮政编码: ['454003']
2025-07-26 15:26:36,955 - INFO - 已更新邮政编码: 454003
2025-07-26 15:26:38,961 - INFO - 正在处理第 32 行: 新疆维吾尔自治区乌鲁木齐市沙依巴克区南昌路403号新疆农业科学院23号楼
2025-07-26 15:26:38,961 - INFO - 正在查询地址: 新疆维吾尔自治区乌鲁木齐市沙依巴克区南昌路403号新疆农业科学院23号楼
2025-07-26 15:26:38,967 - INFO - 找到输入框，使用选择器: input[placeholder*='地址']
2025-07-26 15:26:40,616 - INFO - 未找到查询按钮，尝试按回车键
2025-07-26 15:26:46,099 - INFO - 查询成功，找到邮政编码: ['830091']
2025-07-26 15:26:46,101 - INFO - 已更新邮政编码: 830091
2025-07-26 15:26:48,107 - INFO - 正在处理第 33 行: 辽宁省沈阳市和平区长白街道龙湖唐宁ONEc10号楼211
2025-07-26 15:26:48,107 - INFO - 正在查询地址: 辽宁省沈阳市和平区长白街道龙湖唐宁ONEc10号楼211
2025-07-26 15:26:48,117 - INFO - 找到输入框，使用选择器: input[placeholder*='地址']
2025-07-26 15:26:49,741 - INFO - 未找到查询按钮，尝试按回车键
2025-07-26 15:26:55,205 - INFO - 查询成功，找到邮政编码: ['110005']
2025-07-26 15:26:55,206 - INFO - 已更新邮政编码: 110005
2025-07-26 15:26:57,209 - INFO - 正在处理第 34 行: 河南省郑州市新郑市新郑市阳光港湾五号楼四单元
2025-07-26 15:26:57,210 - INFO - 正在查询地址: 河南省郑州市新郑市新郑市阳光港湾五号楼四单元
2025-07-26 15:26:57,219 - INFO - 找到输入框，使用选择器: input[placeholder*='地址']
2025-07-26 15:26:58,835 - INFO - 未找到查询按钮，尝试按回车键
2025-07-26 15:27:04,279 - INFO - 查询成功，找到邮政编码: ['451199']
2025-07-26 15:27:04,281 - INFO - 已更新邮政编码: 451199
2025-07-26 15:27:06,287 - INFO - 正在处理第 35 行: 山西省太原市万柏林区玉门河南沿岸6号滨河小区
2025-07-26 15:27:06,288 - INFO - 正在查询地址: 山西省太原市万柏林区玉门河南沿岸6号滨河小区
2025-07-26 15:27:06,296 - INFO - 找到输入框，使用选择器: input[placeholder*='地址']
2025-07-26 15:27:07,917 - INFO - 未找到查询按钮，尝试按回车键
2025-07-26 15:27:13,394 - INFO - 查询成功，找到邮政编码: ['430048', '110277', '110269', '110257', '110009']
2025-07-26 15:27:13,395 - INFO - 已更新邮政编码: 430048; 110277; 110269; 110257; 110009
2025-07-26 15:27:15,403 - INFO - 正在处理第 36 行: 浙江省绍兴市绍兴县钱清街道江墅村220号
2025-07-26 15:27:15,404 - INFO - 正在查询地址: 浙江省绍兴市绍兴县钱清街道江墅村220号
2025-07-26 15:27:15,412 - INFO - 找到输入框，使用选择器: input[placeholder*='地址']
2025-07-26 15:27:17,066 - INFO - 未找到查询按钮，尝试按回车键
2025-07-26 15:27:22,520 - INFO - 查询成功，找到邮政编码: ['312030']
2025-07-26 15:27:22,522 - INFO - 已更新邮政编码: 312030
2025-07-26 15:27:24,529 - INFO - 正在处理第 37 行: 新疆维吾尔自治区昌吉回族自治州昌吉市昌吉学院老校区小高层二单元1201
2025-07-26 15:27:24,529 - INFO - 正在查询地址: 新疆维吾尔自治区昌吉回族自治州昌吉市昌吉学院老校区小高层二单元1201
2025-07-26 15:27:24,537 - INFO - 找到输入框，使用选择器: input[placeholder*='地址']
2025-07-26 15:27:26,166 - INFO - 未找到查询按钮，尝试按回车键
2025-07-26 15:27:31,648 - INFO - 查询成功，找到邮政编码: ['831199']
2025-07-26 15:27:31,649 - INFO - 已更新邮政编码: 831199
2025-07-26 15:27:33,651 - INFO - 正在处理第 38 行: 陕西省汉中市勉县勉县交警大队
2025-07-26 15:27:33,652 - INFO - 正在查询地址: 陕西省汉中市勉县勉县交警大队
2025-07-26 15:27:33,656 - INFO - 找到输入框，使用选择器: input[placeholder*='地址']
2025-07-26 15:27:35,263 - INFO - 未找到查询按钮，尝试按回车键
2025-07-26 15:27:40,780 - INFO - 查询成功，找到邮政编码: ['724299']
2025-07-26 15:27:40,782 - INFO - 已更新邮政编码: 724299
2025-07-26 15:27:42,788 - INFO - 正在处理第 39 行: 广东省佛山市南海区桂城街道时代名轩（北区）12座1502
2025-07-26 15:27:42,788 - INFO - 正在查询地址: 广东省佛山市南海区桂城街道时代名轩（北区）12座1502
2025-07-26 15:27:42,796 - INFO - 找到输入框，使用选择器: input[placeholder*='地址']
2025-07-26 15:27:44,423 - INFO - 未找到查询按钮，尝试按回车键
2025-07-26 15:27:49,918 - INFO - 查询成功，找到邮政编码: ['528253']
2025-07-26 15:27:49,920 - INFO - 已更新邮政编码: 528253
2025-07-26 15:27:51,927 - INFO - 正在处理第 40 行: 北京市海淀区花园路37号北京航空航天大学
2025-07-26 15:27:51,928 - INFO - 正在查询地址: 北京市海淀区花园路37号北京航空航天大学
2025-07-26 15:27:51,934 - INFO - 找到输入框，使用选择器: input[placeholder*='地址']
2025-07-26 15:27:53,562 - INFO - 未找到查询按钮，尝试按回车键
2025-07-26 15:27:58,995 - INFO - 查询成功，找到邮政编码: ['100083']
2025-07-26 15:27:58,997 - INFO - 已更新邮政编码: 100083
2025-07-26 15:28:01,002 - INFO - 正在处理第 41 行: 河南省周口市鹿邑县河南省周口市鹿邑县鸣鹿路与仁让街交叉口海晶兴龙湾
2025-07-26 15:28:01,003 - INFO - 正在查询地址: 河南省周口市鹿邑县河南省周口市鹿邑县鸣鹿路与仁让街交叉口海晶兴龙湾
2025-07-26 15:28:01,010 - INFO - 找到输入框，使用选择器: input[placeholder*='地址']
2025-07-26 15:28:02,643 - INFO - 未找到查询按钮，尝试按回车键
2025-07-26 15:28:08,101 - INFO - 查询成功，找到邮政编码: ['477299']
2025-07-26 15:28:08,102 - INFO - 已更新邮政编码: 477299
2025-07-26 15:28:10,109 - INFO - 正在处理第 42 行: 河南省郑州市二七区长江路江山&middot;书香名邸业主委员会3楼西户
2025-07-26 15:28:10,110 - INFO - 正在查询地址: 河南省郑州市二七区长江路江山&middot;书香名邸业主委员会3楼西户
2025-07-26 15:28:10,118 - INFO - 找到输入框，使用选择器: input[placeholder*='地址']
2025-07-26 15:28:11,741 - INFO - 未找到查询按钮，尝试按回车键
2025-07-26 15:28:17,290 - INFO - 查询成功，找到邮政编码: ['450015']
2025-07-26 15:28:17,292 - INFO - 已更新邮政编码: 450015
2025-07-26 15:28:19,339 - INFO - 正在处理第 43 行: 吉林省四平市公主岭市领秀世家A15栋一单元1401
2025-07-26 15:28:19,339 - INFO - 正在查询地址: 吉林省四平市公主岭市领秀世家A15栋一单元1401
2025-07-26 15:28:19,370 - INFO - 找到输入框，使用选择器: input[placeholder*='地址']
2025-07-26 15:28:21,317 - INFO - 未找到查询按钮，尝试按回车键
2025-07-26 15:28:26,836 - INFO - 查询成功，找到邮政编码: ['136199']
2025-07-26 15:28:26,837 - INFO - 已更新邮政编码: 136199
2025-07-26 15:28:28,843 - INFO - 正在处理第 44 行: 甘肃省白银市靖远县甘肃省白银市靖远县昌泰华源
2025-07-26 15:28:28,843 - INFO - 正在查询地址: 甘肃省白银市靖远县甘肃省白银市靖远县昌泰华源
2025-07-26 15:28:28,851 - INFO - 找到输入框，使用选择器: input[placeholder*='地址']
2025-07-26 15:28:30,511 - INFO - 未找到查询按钮，尝试按回车键
2025-07-26 15:28:35,980 - INFO - 查询成功，找到邮政编码: ['730699']
2025-07-26 15:28:35,981 - INFO - 已更新邮政编码: 730699
2025-07-26 15:28:37,986 - INFO - 正在处理第 45 行: 四川省成都市金牛区金粮路西江月3栋
2025-07-26 15:28:37,986 - INFO - 正在查询地址: 四川省成都市金牛区金粮路西江月3栋
2025-07-26 15:28:37,994 - INFO - 找到输入框，使用选择器: input[placeholder*='地址']
2025-07-26 15:28:39,616 - INFO - 未找到查询按钮，尝试按回车键
2025-07-26 15:28:45,098 - INFO - 查询成功，找到邮政编码: ['610097']
2025-07-26 15:28:45,098 - INFO - 已更新邮政编码: 610097
2025-07-26 15:28:47,100 - INFO - 正在处理第 46 行: 北京市海淀区花园路街道知春路29号大运村公寓
2025-07-26 15:28:47,100 - INFO - 正在查询地址: 北京市海淀区花园路街道知春路29号大运村公寓
2025-07-26 15:28:47,109 - INFO - 找到输入框，使用选择器: input[placeholder*='地址']
2025-07-26 15:28:48,731 - INFO - 未找到查询按钮，尝试按回车键
2025-07-26 15:28:54,193 - INFO - 查询成功，找到邮政编码: ['100088']
2025-07-26 15:28:54,193 - INFO - 已更新邮政编码: 100088
2025-07-26 15:28:56,198 - INFO - 正在处理第 47 行: 重庆市永川区人民大道755号
2025-07-26 15:28:56,198 - INFO - 正在查询地址: 重庆市永川区人民大道755号
2025-07-26 15:28:56,208 - INFO - 找到输入框，使用选择器: input[placeholder*='地址']
2025-07-26 15:28:57,817 - INFO - 未找到查询按钮，尝试按回车键
2025-07-26 15:29:04,056 - INFO - 查询成功，找到邮政编码: ['402160']
2025-07-26 15:29:04,056 - INFO - 已更新邮政编码: 402160
2025-07-26 15:29:06,059 - INFO - 正在处理第 48 行: 黑龙江省大庆市萨尔图区黑龙江省大庆市萨尔图区经九街格林小镇 C04 号 2 门 402 室
2025-07-26 15:29:06,059 - INFO - 正在查询地址: 黑龙江省大庆市萨尔图区黑龙江省大庆市萨尔图区经九街格林小镇 C04 号 2 门 402 室
2025-07-26 15:29:06,064 - INFO - 找到输入框，使用选择器: input[placeholder*='地址']
2025-07-26 15:29:07,660 - INFO - 未找到查询按钮，尝试按回车键
2025-07-26 15:29:13,101 - INFO - 查询成功，找到邮政编码: ['163311']
2025-07-26 15:29:13,101 - INFO - 已更新邮政编码: 163311
2025-07-26 15:29:15,106 - INFO - 正在处理第 49 行: 河南省省直辖县级行政区划济源市河南省济源市新城花园15号楼3单元
2025-07-26 15:29:15,106 - INFO - 正在查询地址: 河南省省直辖县级行政区划济源市河南省济源市新城花园15号楼3单元
2025-07-26 15:29:15,114 - INFO - 找到输入框，使用选择器: input[placeholder*='地址']
2025-07-26 15:29:16,740 - INFO - 未找到查询按钮，尝试按回车键
2025-07-26 15:29:22,182 - INFO - 查询成功，找到邮政编码: ['459099']
2025-07-26 15:29:22,182 - INFO - 已更新邮政编码: 459099
2025-07-26 15:29:24,186 - INFO - 正在处理第 50 行: 黑龙江省佳木斯市桦南县黑龙江省佳木斯市桦南县
2025-07-26 15:29:24,187 - INFO - 正在查询地址: 黑龙江省佳木斯市桦南县黑龙江省佳木斯市桦南县
2025-07-26 15:29:24,197 - INFO - 找到输入框，使用选择器: input[placeholder*='地址']
2025-07-26 15:29:25,830 - INFO - 未找到查询按钮，尝试按回车键
2025-07-26 15:29:31,270 - INFO - 查询成功，找到邮政编码: ['154403']
2025-07-26 15:29:31,270 - INFO - 已更新邮政编码: 154403
2025-07-26 15:29:33,274 - INFO - 正在处理第 51 行: 北京市房山区北京市房山区琉璃河镇万里村南万151号
2025-07-26 15:29:33,274 - INFO - 正在查询地址: 北京市房山区北京市房山区琉璃河镇万里村南万151号
2025-07-26 15:29:33,282 - INFO - 找到输入框，使用选择器: input[placeholder*='地址']
2025-07-26 15:29:34,884 - INFO - 未找到查询按钮，尝试按回车键
2025-07-26 15:29:40,320 - INFO - 查询成功，找到邮政编码: ['102404']
2025-07-26 15:29:40,320 - INFO - 已更新邮政编码: 102404
2025-07-26 15:29:42,326 - INFO - 正在处理第 52 行: 北京市海淀区北京航空航天大学学院路校区新北宿舍
2025-07-26 15:29:42,326 - INFO - 正在查询地址: 北京市海淀区北京航空航天大学学院路校区新北宿舍
2025-07-26 15:29:42,335 - INFO - 找到输入框，使用选择器: input[placeholder*='地址']
2025-07-26 15:29:43,948 - INFO - 未找到查询按钮，尝试按回车键
2025-07-26 15:29:49,387 - INFO - 查询成功，找到邮政编码: ['100083']
2025-07-26 15:29:49,387 - INFO - 已更新邮政编码: 100083
2025-07-26 15:29:51,391 - INFO - 正在处理第 53 行: 江苏省南京市六合区江苏省南京市六合区雄州街道桥西苑1-803
2025-07-26 15:29:51,391 - INFO - 正在查询地址: 江苏省南京市六合区江苏省南京市六合区雄州街道桥西苑1-803
2025-07-26 15:29:51,400 - INFO - 找到输入框，使用选择器: input[placeholder*='地址']
2025-07-26 15:29:53,023 - INFO - 未找到查询按钮，尝试按回车键
2025-07-26 15:29:58,450 - INFO - 查询成功，找到邮政编码: ['211599']
2025-07-26 15:29:58,450 - INFO - 已更新邮政编码: 211599
2025-07-26 15:30:00,452 - INFO - 正在处理第 54 行: 山东省莱芜市莱城区山东省济南市莱芜区滨河东路怡和缘1号楼2单元102
2025-07-26 15:30:00,452 - INFO - 正在查询地址: 山东省莱芜市莱城区山东省济南市莱芜区滨河东路怡和缘1号楼2单元102
2025-07-26 15:30:00,463 - INFO - 找到输入框，使用选择器: input[placeholder*='地址']
2025-07-26 15:30:02,088 - INFO - 未找到查询按钮，尝试按回车键
2025-07-26 15:30:07,519 - INFO - 查询成功，找到邮政编码: ['250022']
2025-07-26 15:30:07,520 - INFO - 已更新邮政编码: 250022
2025-07-26 15:30:09,524 - INFO - 正在处理第 55 行: 吉林省吉林市丰满区高新街道锦绣江南小区12号楼5单元201室
2025-07-26 15:30:09,524 - INFO - 正在查询地址: 吉林省吉林市丰满区高新街道锦绣江南小区12号楼5单元201室
2025-07-26 15:30:09,532 - INFO - 找到输入框，使用选择器: input[placeholder*='地址']
2025-07-26 15:30:11,156 - INFO - 未找到查询按钮，尝试按回车键
2025-07-26 15:30:16,626 - INFO - 查询成功，找到邮政编码: ['132013']
2025-07-26 15:30:16,626 - INFO - 已更新邮政编码: 132013
2025-07-26 15:30:18,631 - INFO - 正在处理第 56 行: 新疆维吾尔自治区伊犁哈萨克自治州伊宁市新疆伊犁州伊宁市世纪名门28号楼三单元101室
2025-07-26 15:30:18,632 - INFO - 正在查询地址: 新疆维吾尔自治区伊犁哈萨克自治州伊宁市新疆伊犁州伊宁市世纪名门28号楼三单元101室
2025-07-26 15:30:18,641 - INFO - 找到输入框，使用选择器: input[placeholder*='地址']
2025-07-26 15:30:20,270 - INFO - 未找到查询按钮，尝试按回车键
2025-07-26 15:30:25,712 - INFO - 查询成功，找到邮政编码: ['835012']
2025-07-26 15:30:25,712 - INFO - 已更新邮政编码: 835012
2025-07-26 15:30:27,716 - INFO - 正在处理第 57 行: 新疆维吾尔自治区乌鲁木齐市头屯河区天柱山街国税小区四号楼1单元1002
2025-07-26 15:30:27,716 - INFO - 正在查询地址: 新疆维吾尔自治区乌鲁木齐市头屯河区天柱山街国税小区四号楼1单元1002
2025-07-26 15:30:27,725 - INFO - 找到输入框，使用选择器: input[placeholder*='地址']
2025-07-26 15:30:29,360 - INFO - 未找到查询按钮，尝试按回车键
2025-07-26 15:30:34,840 - INFO - 查询成功，找到邮政编码: ['830023']
2025-07-26 15:30:34,840 - INFO - 已更新邮政编码: 830023
2025-07-26 15:30:36,845 - INFO - 正在处理第 58 行: 北京市昌平区北京市昌平区沙河高教园南三街9号
2025-07-26 15:30:36,846 - INFO - 正在查询地址: 北京市昌平区北京市昌平区沙河高教园南三街9号
2025-07-26 15:30:36,856 - INFO - 找到输入框，使用选择器: input[placeholder*='地址']
2025-07-26 15:30:38,475 - INFO - 未找到查询按钮，尝试按回车键
2025-07-26 15:30:43,917 - INFO - 查询成功，找到邮政编码: ['102206']
2025-07-26 15:30:43,917 - INFO - 已更新邮政编码: 102206
2025-07-26 15:30:45,923 - INFO - 正在处理第 59 行: 新疆维吾尔自治区乌鲁木齐市米东区米泉南路学府天骄3号楼1单元702
2025-07-26 15:30:45,923 - INFO - 正在查询地址: 新疆维吾尔自治区乌鲁木齐市米东区米泉南路学府天骄3号楼1单元702
2025-07-26 15:30:45,932 - INFO - 找到输入框，使用选择器: input[placeholder*='地址']
2025-07-26 15:30:47,555 - INFO - 未找到查询按钮，尝试按回车键
2025-07-26 15:30:53,001 - INFO - 查询成功，找到邮政编码: ['831499']
2025-07-26 15:30:53,001 - INFO - 已更新邮政编码: 831499
2025-07-26 15:30:55,005 - INFO - 正在处理第 60 行: 吉林省长春市二道区远达大街与裕民路交汇天富北院19栋510
2025-07-26 15:30:55,007 - INFO - 正在查询地址: 吉林省长春市二道区远达大街与裕民路交汇天富北院19栋510
2025-07-26 15:30:55,015 - INFO - 找到输入框，使用选择器: input[placeholder*='地址']
2025-07-26 15:30:56,629 - INFO - 未找到查询按钮，尝试按回车键
2025-07-26 15:31:02,087 - INFO - 查询成功，找到邮政编码: ['130052']
2025-07-26 15:31:02,087 - INFO - 已更新邮政编码: 130052
2025-07-26 15:31:04,087 - INFO - 正在处理第 61 行: 湖南省衡阳市衡东县洣水镇洣将大道1136号B3栋4单元108室
2025-07-26 15:31:04,088 - INFO - 正在查询地址: 湖南省衡阳市衡东县洣水镇洣将大道1136号B3栋4单元108室
2025-07-26 15:31:04,093 - INFO - 找到输入框，使用选择器: input[placeholder*='地址']
2025-07-26 15:31:05,712 - INFO - 未找到查询按钮，尝试按回车键
2025-07-26 15:31:11,169 - INFO - 查询成功，找到邮政编码: ['421499']
2025-07-26 15:31:11,169 - INFO - 已更新邮政编码: 421499
2025-07-26 15:31:13,175 - INFO - 正在处理第 62 行: 山西省吕梁市交口县山西省吕梁市交口县城迎宾南苑三单元701
2025-07-26 15:31:13,175 - INFO - 正在查询地址: 山西省吕梁市交口县山西省吕梁市交口县城迎宾南苑三单元701
2025-07-26 15:31:13,184 - INFO - 找到输入框，使用选择器: input[placeholder*='地址']
2025-07-26 15:31:14,824 - INFO - 未找到查询按钮，尝试按回车键
2025-07-26 15:31:20,310 - INFO - 查询成功，找到邮政编码: ['430048', '110277', '110269', '110257', '110009']
2025-07-26 15:31:20,310 - INFO - 已更新邮政编码: 430048; 110277; 110269; 110257; 110009
2025-07-26 15:31:22,315 - INFO - 正在处理第 63 行: 山西省临汾市尧都区刘村镇滨西佳园北区
2025-07-26 15:31:22,316 - INFO - 正在查询地址: 山西省临汾市尧都区刘村镇滨西佳园北区
2025-07-26 15:31:22,327 - INFO - 找到输入框，使用选择器: input[placeholder*='地址']
2025-07-26 15:31:23,945 - INFO - 未找到查询按钮，尝试按回车键
2025-07-26 15:31:29,383 - INFO - 查询成功，找到邮政编码: ['430048', '110277', '110269', '110257', '110009']
2025-07-26 15:31:29,383 - INFO - 已更新邮政编码: 430048; 110277; 110269; 110257; 110009
2025-07-26 15:31:31,388 - INFO - 正在处理第 64 行: 云南省大理白族自治州大理市刘官厂村委会感通小区9号
2025-07-26 15:31:31,389 - INFO - 正在查询地址: 云南省大理白族自治州大理市刘官厂村委会感通小区9号
2025-07-26 15:31:31,397 - INFO - 找到输入框，使用选择器: input[placeholder*='地址']
2025-07-26 15:31:33,011 - INFO - 未找到查询按钮，尝试按回车键
2025-07-26 15:31:38,461 - INFO - 查询成功，找到邮政编码: ['671003']
2025-07-26 15:31:38,462 - INFO - 已更新邮政编码: 671003
2025-07-26 15:31:40,465 - INFO - 正在处理第 65 行: 内蒙古自治区赤峰市喀喇沁旗锦山镇银都家园小区3号楼5单元601
2025-07-26 15:31:40,465 - INFO - 正在查询地址: 内蒙古自治区赤峰市喀喇沁旗锦山镇银都家园小区3号楼5单元601
2025-07-26 15:31:40,475 - INFO - 找到输入框，使用选择器: input[placeholder*='地址']
2025-07-26 15:31:42,102 - INFO - 未找到查询按钮，尝试按回车键
2025-07-26 15:31:47,552 - INFO - 查询成功，找到邮政编码: ['430048', '110277', '110269', '110257', '110009']
2025-07-26 15:31:47,552 - INFO - 已更新邮政编码: 430048; 110277; 110269; 110257; 110009
2025-07-26 15:31:49,558 - INFO - 正在处理第 66 行: 新疆维吾尔自治区喀什地区喀什市新疆喀什市西域大道169号院晨光伊甸园B10号楼4单元401室
2025-07-26 15:31:49,558 - INFO - 正在查询地址: 新疆维吾尔自治区喀什地区喀什市新疆喀什市西域大道169号院晨光伊甸园B10号楼4单元401室
2025-07-26 15:31:49,564 - INFO - 找到输入框，使用选择器: input[placeholder*='地址']
2025-07-26 15:31:51,198 - INFO - 未找到查询按钮，尝试按回车键
2025-07-26 15:31:56,648 - INFO - 查询成功，找到邮政编码: ['844099']
2025-07-26 15:31:56,648 - INFO - 已更新邮政编码: 844099
2025-07-26 15:31:58,653 - INFO - 正在处理第 67 行: 山西省太原市杏花岭区太原市杏花岭区胜利街158号
2025-07-26 15:31:58,653 - INFO - 正在查询地址: 山西省太原市杏花岭区太原市杏花岭区胜利街158号
2025-07-26 15:31:58,662 - INFO - 找到输入框，使用选择器: input[placeholder*='地址']
2025-07-26 15:32:00,285 - INFO - 未找到查询按钮，尝试按回车键
2025-07-26 15:32:05,738 - INFO - 查询成功，找到邮政编码: ['430048', '110277', '110269', '110257', '110009']
2025-07-26 15:32:05,738 - INFO - 已更新邮政编码: 430048; 110277; 110269; 110257; 110009
2025-07-26 15:32:07,739 - INFO - 正在处理第 68 行: 河南省漯河市郾城区天鹅湖小区
2025-07-26 15:32:07,739 - INFO - 正在查询地址: 河南省漯河市郾城区天鹅湖小区
2025-07-26 15:32:07,748 - INFO - 找到输入框，使用选择器: input[placeholder*='地址']
2025-07-26 15:32:09,358 - INFO - 未找到查询按钮，尝试按回车键
2025-07-26 15:32:14,902 - INFO - 查询成功，找到邮政编码: ['462044', '462007']
2025-07-26 15:32:14,902 - INFO - 已更新邮政编码: 462044; 462007
2025-07-26 15:32:16,907 - INFO - 正在处理第 69 行: 安徽省六安市金安区凤凰苑小区12号楼一单元202
2025-07-26 15:32:16,907 - INFO - 正在查询地址: 安徽省六安市金安区凤凰苑小区12号楼一单元202
2025-07-26 15:32:16,916 - INFO - 找到输入框，使用选择器: input[placeholder*='地址']
2025-07-26 15:32:18,537 - INFO - 未找到查询按钮，尝试按回车键
2025-07-26 15:32:23,978 - INFO - 查询成功，找到邮政编码: ['237011']
2025-07-26 15:32:23,979 - INFO - 已更新邮政编码: 237011
2025-07-26 15:32:25,987 - INFO - 正在处理第 70 行: 河南省安阳市北关区河南省安阳市北关区宜居燕苑
2025-07-26 15:32:25,987 - INFO - 正在查询地址: 河南省安阳市北关区河南省安阳市北关区宜居燕苑
2025-07-26 15:32:25,995 - INFO - 找到输入框，使用选择器: input[placeholder*='地址']
2025-07-26 15:32:27,613 - INFO - 未找到查询按钮，尝试按回车键
2025-07-26 15:32:33,058 - INFO - 查询成功，找到邮政编码: ['455001']
2025-07-26 15:32:33,058 - INFO - 已更新邮政编码: 455001
2025-07-26 15:32:35,062 - INFO - 正在处理第 71 行: 山东省烟台市莱州市莱州市教育路6区603三单元401室
2025-07-26 15:32:35,062 - INFO - 正在查询地址: 山东省烟台市莱州市莱州市教育路6区603三单元401室
2025-07-26 15:32:35,071 - INFO - 找到输入框，使用选择器: input[placeholder*='地址']
2025-07-26 15:32:36,693 - INFO - 未找到查询按钮，尝试按回车键
2025-07-26 15:32:42,138 - INFO - 查询成功，找到邮政编码: ['261423']
2025-07-26 15:32:42,139 - INFO - 已更新邮政编码: 261423
2025-07-26 15:32:44,144 - INFO - 正在处理第 72 行: 湖南省岳阳市湘阴县文星镇精密现代城16栋503室
2025-07-26 15:32:44,144 - INFO - 正在查询地址: 湖南省岳阳市湘阴县文星镇精密现代城16栋503室
2025-07-26 15:32:44,155 - INFO - 找到输入框，使用选择器: input[placeholder*='地址']
2025-07-26 15:32:45,772 - INFO - 未找到查询按钮，尝试按回车键
2025-07-26 15:32:51,215 - INFO - 查询成功，找到邮政编码: ['414699']
2025-07-26 15:32:51,215 - INFO - 已更新邮政编码: 414699
2025-07-26 15:32:53,216 - INFO - 正在处理第 73 行: 贵州省黔东南苗族侗族自治州凯里市洗马河街道菜鸟驿站菜场店
2025-07-26 15:32:53,216 - INFO - 正在查询地址: 贵州省黔东南苗族侗族自治州凯里市洗马河街道菜鸟驿站菜场店
2025-07-26 15:32:53,226 - INFO - 找到输入框，使用选择器: input[placeholder*='地址']
2025-07-26 15:32:54,849 - INFO - 未找到查询按钮，尝试按回车键
2025-07-26 15:33:00,295 - INFO - 查询成功，找到邮政编码: ['556099']
2025-07-26 15:33:00,296 - INFO - 已更新邮政编码: 556099
2025-07-26 15:33:02,298 - INFO - 正在处理第 74 行: 天津市西青区中北镇溪秀苑翠溪园26号楼2门201
2025-07-26 15:33:02,299 - INFO - 正在查询地址: 天津市西青区中北镇溪秀苑翠溪园26号楼2门201
2025-07-26 15:33:02,310 - INFO - 找到输入框，使用选择器: input[placeholder*='地址']
2025-07-26 15:33:03,937 - INFO - 未找到查询按钮，尝试按回车键
2025-07-26 15:33:09,376 - INFO - 查询成功，找到邮政编码: ['300393']
2025-07-26 15:33:09,376 - INFO - 已更新邮政编码: 300393
2025-07-26 15:33:11,380 - INFO - 正在处理第 75 行: 山西省临汾市洪洞县大槐树后坡底低税局
2025-07-26 15:33:11,381 - INFO - 正在查询地址: 山西省临汾市洪洞县大槐树后坡底低税局
2025-07-26 15:33:11,393 - INFO - 找到输入框，使用选择器: input[placeholder*='地址']
2025-07-26 15:33:13,010 - INFO - 未找到查询按钮，尝试按回车键
2025-07-26 15:33:18,466 - INFO - 查询成功，找到邮政编码: ['430048', '110277', '110269', '110257', '110009']
2025-07-26 15:33:18,467 - INFO - 已更新邮政编码: 430048; 110277; 110269; 110257; 110009
2025-07-26 15:33:20,474 - INFO - 正在处理第 76 行: 北京市海淀区北京市海淀区学院路37号
2025-07-26 15:33:20,474 - INFO - 正在查询地址: 北京市海淀区北京市海淀区学院路37号
2025-07-26 15:33:20,483 - INFO - 找到输入框，使用选择器: input[placeholder*='地址']
2025-07-26 15:33:22,098 - INFO - 未找到查询按钮，尝试按回车键
2025-07-26 15:33:27,547 - INFO - 查询成功，找到邮政编码: ['100083']
2025-07-26 15:33:27,548 - INFO - 已更新邮政编码: 100083
2025-07-26 15:33:29,550 - INFO - 正在处理第 77 行: 辽宁省朝阳市双塔区文化路二段125号
2025-07-26 15:33:29,551 - INFO - 正在查询地址: 辽宁省朝阳市双塔区文化路二段125号
2025-07-26 15:33:29,557 - INFO - 找到输入框，使用选择器: input[placeholder*='地址']
2025-07-26 15:33:31,174 - INFO - 未找到查询按钮，尝试按回车键
2025-07-26 15:33:36,622 - INFO - 查询成功，找到邮政编码: ['122099']
2025-07-26 15:33:36,623 - INFO - 已更新邮政编码: 122099
2025-07-26 15:33:38,628 - INFO - 正在处理第 78 行: 重庆市江津区重庆市江津区几江街道丁香街84号1幢17-2
2025-07-26 15:33:38,628 - INFO - 正在查询地址: 重庆市江津区重庆市江津区几江街道丁香街84号1幢17-2
2025-07-26 15:33:38,636 - INFO - 找到输入框，使用选择器: input[placeholder*='地址']
2025-07-26 15:33:40,255 - INFO - 未找到查询按钮，尝试按回车键
2025-07-26 15:33:45,702 - INFO - 查询成功，找到邮政编码: ['402260']
2025-07-26 15:33:45,702 - INFO - 已更新邮政编码: 402260
2025-07-26 15:33:47,705 - INFO - 正在处理第 79 行: 湖北省宜昌市西陵区大成路1-48
2025-07-26 15:33:47,706 - INFO - 正在查询地址: 湖北省宜昌市西陵区大成路1-48
2025-07-26 15:33:47,715 - INFO - 找到输入框，使用选择器: input[placeholder*='地址']
2025-07-26 15:33:49,343 - INFO - 未找到查询按钮，尝试按回车键
2025-07-26 15:33:54,795 - INFO - 查询成功，找到邮政编码: ['443002']
2025-07-26 15:33:54,795 - INFO - 已更新邮政编码: 443002
2025-07-26 15:33:56,798 - INFO - 正在处理第 80 行: 黑龙江省佳木斯市向阳区港龙东方城21栋1单元201
2025-07-26 15:33:56,798 - INFO - 正在查询地址: 黑龙江省佳木斯市向阳区港龙东方城21栋1单元201
2025-07-26 15:33:56,809 - INFO - 找到输入框，使用选择器: input[placeholder*='地址']
2025-07-26 15:33:58,437 - INFO - 未找到查询按钮，尝试按回车键
2025-07-26 15:34:03,893 - INFO - 查询成功，找到邮政编码: ['154003']
2025-07-26 15:34:03,893 - INFO - 已更新邮政编码: 154003
2025-07-26 15:34:05,902 - INFO - 正在处理第 81 行: 湖南省衡阳市蒸湘区解放大道7号
2025-07-26 15:34:05,902 - INFO - 正在查询地址: 湖南省衡阳市蒸湘区解放大道7号
2025-07-26 15:34:05,911 - INFO - 找到输入框，使用选择器: input[placeholder*='地址']
2025-07-26 15:34:07,523 - INFO - 未找到查询按钮，尝试按回车键
2025-07-26 15:34:13,800 - INFO - 查询成功，找到邮政编码: ['421099']
2025-07-26 15:34:13,801 - INFO - 已更新邮政编码: 421099
2025-07-26 15:34:15,805 - INFO - 正在处理第 82 行: 北京市海淀区北京航空航天大学大运村
2025-07-26 15:34:15,806 - INFO - 正在查询地址: 北京市海淀区北京航空航天大学大运村
2025-07-26 15:34:15,811 - INFO - 找到输入框，使用选择器: input[placeholder*='地址']
2025-07-26 15:34:17,412 - INFO - 未找到查询按钮，尝试按回车键
2025-07-26 15:34:22,872 - INFO - 查询成功，找到邮政编码: ['100088']
2025-07-26 15:34:22,873 - INFO - 已更新邮政编码: 100088
2025-07-26 15:34:24,887 - INFO - 正在处理第 83 行: 山西省朔州市山阴县地毯厂小区2号楼3单元502
2025-07-26 15:34:24,888 - INFO - 正在查询地址: 山西省朔州市山阴县地毯厂小区2号楼3单元502
2025-07-26 15:34:24,896 - INFO - 找到输入框，使用选择器: input[placeholder*='地址']
2025-07-26 15:34:26,528 - INFO - 未找到查询按钮，尝试按回车键
2025-07-26 15:34:31,978 - INFO - 查询成功，找到邮政编码: ['430048', '110277', '110269', '110257', '110009']
2025-07-26 15:34:31,978 - INFO - 已更新邮政编码: 430048; 110277; 110269; 110257; 110009
2025-07-26 15:34:33,981 - INFO - 正在处理第 84 行: 北京市昌平区沙河高教园南三街9号
2025-07-26 15:34:33,982 - INFO - 正在查询地址: 北京市昌平区沙河高教园南三街9号
2025-07-26 15:34:33,993 - INFO - 找到输入框，使用选择器: input[placeholder*='地址']
2025-07-26 15:34:35,612 - INFO - 未找到查询按钮，尝试按回车键
2025-07-26 15:34:41,071 - INFO - 查询成功，找到邮政编码: ['102206']
2025-07-26 15:34:41,072 - INFO - 已更新邮政编码: 102206
2025-07-26 15:34:43,074 - INFO - 正在处理第 85 行: 北京市海淀区花园路37号北京航空航天大学学院路校区北区学生公寓
2025-07-26 15:34:43,075 - INFO - 正在查询地址: 北京市海淀区花园路37号北京航空航天大学学院路校区北区学生公寓
2025-07-26 15:34:43,085 - INFO - 找到输入框，使用选择器: input[placeholder*='地址']
2025-07-26 15:34:44,709 - INFO - 未找到查询按钮，尝试按回车键
2025-07-26 15:34:50,172 - INFO - 查询成功，找到邮政编码: ['100083']
2025-07-26 15:34:50,172 - INFO - 已更新邮政编码: 100083
2025-07-26 15:34:52,173 - INFO - 正在处理第 86 行: 山西省大同市阳高县暄阳街交通巷13号
2025-07-26 15:34:52,173 - INFO - 正在查询地址: 山西省大同市阳高县暄阳街交通巷13号
2025-07-26 15:34:52,183 - INFO - 找到输入框，使用选择器: input[placeholder*='地址']
2025-07-26 15:34:53,809 - INFO - 未找到查询按钮，尝试按回车键
2025-07-26 15:34:59,269 - INFO - 查询成功，找到邮政编码: ['430048', '110277', '110269', '110257', '110009']
2025-07-26 15:34:59,269 - INFO - 已更新邮政编码: 430048; 110277; 110269; 110257; 110009
2025-07-26 15:35:01,271 - INFO - 正在处理第 87 行: 湖北省宜昌市当阳市广家洲路171号
2025-07-26 15:35:01,271 - INFO - 正在查询地址: 湖北省宜昌市当阳市广家洲路171号
2025-07-26 15:35:01,277 - INFO - 找到输入框，使用选择器: input[placeholder*='地址']
2025-07-26 15:35:02,895 - INFO - 未找到查询按钮，尝试按回车键
2025-07-26 15:35:08,353 - INFO - 查询成功，找到邮政编码: ['444199']
2025-07-26 15:35:08,353 - INFO - 已更新邮政编码: 444199
2025-07-26 15:35:10,353 - INFO - 正在处理第 88 行: 宁夏回族自治区银川市金凤区宁夏回族自治区银川市金凤区丰泰家园
2025-07-26 15:35:10,354 - INFO - 正在查询地址: 宁夏回族自治区银川市金凤区宁夏回族自治区银川市金凤区丰泰家园
2025-07-26 15:35:10,371 - INFO - 找到输入框，使用选择器: input[placeholder*='地址']
2025-07-26 15:35:11,991 - INFO - 未找到查询按钮，尝试按回车键
2025-07-26 15:35:17,455 - INFO - 查询成功，找到邮政编码: ['750016']
2025-07-26 15:35:17,456 - INFO - 已更新邮政编码: 750016
2025-07-26 15:35:19,458 - INFO - 正在处理第 89 行: 内蒙古自治区鄂尔多斯市东胜区内蒙古自治区鄂尔多斯市东胜区交通街道吉劳庆北路佳美尚峰3号楼1单元1301
2025-07-26 15:35:19,459 - INFO - 正在查询地址: 内蒙古自治区鄂尔多斯市东胜区内蒙古自治区鄂尔多斯市东胜区交通街道吉劳庆北路佳美尚峰3号楼1单元1301
2025-07-26 15:35:19,469 - INFO - 找到输入框，使用选择器: input[placeholder*='地址']
2025-07-26 15:35:21,108 - INFO - 未找到查询按钮，尝试按回车键
2025-07-26 15:35:26,566 - INFO - 查询成功，找到邮政编码: ['831301', '430048', '110277', '110269', '110257']
2025-07-26 15:35:26,566 - INFO - 已更新邮政编码: 831301; 430048; 110277; 110269; 110257
2025-07-26 15:35:28,575 - INFO - 正在处理第 90 行: 新疆维吾尔自治区伊犁哈萨克自治州伊宁市伊犁河路11巷98号
2025-07-26 15:35:28,575 - INFO - 正在查询地址: 新疆维吾尔自治区伊犁哈萨克自治州伊宁市伊犁河路11巷98号
2025-07-26 15:35:28,581 - INFO - 找到输入框，使用选择器: input[placeholder*='地址']
2025-07-26 15:35:30,205 - INFO - 未找到查询按钮，尝试按回车键
2025-07-26 15:35:35,665 - INFO - 查询成功，找到邮政编码: ['835099']
2025-07-26 15:35:35,666 - INFO - 已更新邮政编码: 835099
2025-07-26 15:35:37,676 - INFO - 正在处理第 91 行: 北京市海淀区北京航空航天大学学院路校区
2025-07-26 15:35:37,677 - INFO - 正在查询地址: 北京市海淀区北京航空航天大学学院路校区
2025-07-26 15:35:37,687 - INFO - 找到输入框，使用选择器: input[placeholder*='地址']
2025-07-26 15:35:39,315 - INFO - 未找到查询按钮，尝试按回车键
2025-07-26 15:35:44,775 - INFO - 查询成功，找到邮政编码: ['100083']
2025-07-26 15:35:44,776 - INFO - 已更新邮政编码: 100083
2025-07-26 15:35:46,780 - INFO - 正在处理第 92 行: 陕西省西安市莲湖区融侨城1期7号楼401
2025-07-26 15:35:46,780 - INFO - 正在查询地址: 陕西省西安市莲湖区融侨城1期7号楼401
2025-07-26 15:35:46,791 - INFO - 找到输入框，使用选择器: input[placeholder*='地址']
2025-07-26 15:35:48,409 - INFO - 未找到查询按钮，尝试按回车键
2025-07-26 15:35:54,617 - INFO - 查询成功，找到邮政编码: ['710077']
2025-07-26 15:35:54,618 - INFO - 已更新邮政编码: 710077
2025-07-26 15:35:56,628 - INFO - 正在处理第 93 行: 贵州省毕节市金沙县金沙县金源华府27栋1单元1405号房
2025-07-26 15:35:56,628 - INFO - 正在查询地址: 贵州省毕节市金沙县金沙县金源华府27栋1单元1405号房
2025-07-26 15:35:56,638 - INFO - 找到输入框，使用选择器: input[placeholder*='地址']
2025-07-26 15:35:58,275 - INFO - 未找到查询按钮，尝试按回车键
2025-07-26 15:36:03,719 - INFO - 查询成功，找到邮政编码: ['551801']
2025-07-26 15:36:03,719 - INFO - 已更新邮政编码: 551801
2025-07-26 15:36:05,723 - INFO - 正在处理第 94 行: 北京市海淀区北京市海淀区学院路37号
2025-07-26 15:36:05,723 - INFO - 正在查询地址: 北京市海淀区北京市海淀区学院路37号
2025-07-26 15:36:05,729 - INFO - 找到输入框，使用选择器: input[placeholder*='地址']
2025-07-26 15:36:07,346 - INFO - 未找到查询按钮，尝试按回车键
2025-07-26 15:36:12,803 - INFO - 查询成功，找到邮政编码: ['100083']
2025-07-26 15:36:12,804 - INFO - 已更新邮政编码: 100083
2025-07-26 15:36:14,813 - INFO - 正在处理第 95 行: 湖南省衡阳市蒸湘区湖南省衡阳市蒸湘区愉景南苑四期16栋一单元1401室
2025-07-26 15:36:14,815 - INFO - 正在查询地址: 湖南省衡阳市蒸湘区湖南省衡阳市蒸湘区愉景南苑四期16栋一单元1401室
2025-07-26 15:36:14,822 - INFO - 找到输入框，使用选择器: input[placeholder*='地址']
2025-07-26 15:36:16,473 - INFO - 未找到查询按钮，尝试按回车键
2025-07-26 15:36:21,932 - INFO - 查询成功，找到邮政编码: ['421099']
2025-07-26 15:36:21,933 - INFO - 已更新邮政编码: 421099
2025-07-26 15:36:23,943 - INFO - 正在处理第 96 行: 山西省临汾市尧都区国家税务总局临汾经济开发区税务局
2025-07-26 15:36:23,943 - INFO - 正在查询地址: 山西省临汾市尧都区国家税务总局临汾经济开发区税务局
2025-07-26 15:36:23,955 - INFO - 找到输入框，使用选择器: input[placeholder*='地址']
2025-07-26 15:36:25,574 - INFO - 未找到查询按钮，尝试按回车键
2025-07-26 15:36:31,040 - INFO - 查询成功，找到邮政编码: ['430048', '110277', '110269', '110257', '110009']
2025-07-26 15:36:31,040 - INFO - 已更新邮政编码: 430048; 110277; 110269; 110257; 110009
2025-07-26 15:36:33,048 - INFO - 正在处理第 97 行: 陕西省宝鸡市渭滨区清姜街道西四路宝成社区
2025-07-26 15:36:33,049 - INFO - 正在查询地址: 陕西省宝鸡市渭滨区清姜街道西四路宝成社区
2025-07-26 15:36:33,056 - INFO - 找到输入框，使用选择器: input[placeholder*='地址']
2025-07-26 15:36:34,678 - INFO - 未找到查询按钮，尝试按回车键
2025-07-26 15:36:40,120 - INFO - 查询成功，找到邮政编码: ['721006']
2025-07-26 15:36:40,121 - INFO - 已更新邮政编码: 721006
2025-07-26 15:36:42,123 - INFO - 正在处理第 98 行: 北京市昌平区北京航空航天大学沙河校区
2025-07-26 15:36:42,123 - INFO - 正在查询地址: 北京市昌平区北京航空航天大学沙河校区
2025-07-26 15:36:42,131 - INFO - 找到输入框，使用选择器: input[placeholder*='地址']
2025-07-26 15:36:43,757 - INFO - 未找到查询按钮，尝试按回车键
2025-07-26 15:36:49,198 - INFO - 查询成功，找到邮政编码: ['102206']
2025-07-26 15:36:49,198 - INFO - 已更新邮政编码: 102206
2025-07-26 15:36:51,199 - INFO - 正在处理第 99 行: 新疆维吾尔自治区喀什地区喀什市喀什地区喀什市天使花园小区1191号室
2025-07-26 15:36:51,200 - INFO - 正在查询地址: 新疆维吾尔自治区喀什地区喀什市喀什地区喀什市天使花园小区1191号室
2025-07-26 15:36:51,208 - INFO - 找到输入框，使用选择器: input[placeholder*='地址']
2025-07-26 15:36:52,832 - INFO - 未找到查询按钮，尝试按回车键
2025-07-26 15:36:58,278 - INFO - 查询成功，找到邮政编码: ['844099']
2025-07-26 15:36:58,278 - INFO - 已更新邮政编码: 844099
2025-07-26 15:37:00,284 - INFO - 正在处理第 100 行: 湖南省郴州市资兴市湖南省郴州市资兴市罗围金康广场A2栋
2025-07-26 15:37:00,285 - INFO - 正在查询地址: 湖南省郴州市资兴市湖南省郴州市资兴市罗围金康广场A2栋
2025-07-26 15:37:00,294 - INFO - 找到输入框，使用选择器: input[placeholder*='地址']
2025-07-26 15:37:01,934 - INFO - 未找到查询按钮，尝试按回车键
2025-07-26 15:37:07,387 - INFO - 查询成功，找到邮政编码: ['423403']
2025-07-26 15:37:07,387 - INFO - 已更新邮政编码: 423403
2025-07-26 15:37:09,391 - INFO - 正在处理第 101 行: 北京市海淀区花园北路街道37号北京航空航天大大学新北区
2025-07-26 15:37:09,391 - INFO - 正在查询地址: 北京市海淀区花园北路街道37号北京航空航天大大学新北区
2025-07-26 15:37:09,401 - INFO - 找到输入框，使用选择器: input[placeholder*='地址']
2025-07-26 15:37:11,024 - INFO - 未找到查询按钮，尝试按回车键
2025-07-26 15:37:16,485 - INFO - 查询成功，找到邮政编码: ['100083']
2025-07-26 15:37:16,485 - INFO - 已更新邮政编码: 100083
2025-07-26 15:37:18,533 - INFO - 结果已保存到: /Users/ances/Library/Application Support/SyncClipboard/file/20250726/mm_with_postal_codes.xlsx
2025-07-26 15:37:18,877 - INFO - 浏览器驱动已关闭
